0 info it worked if it ends with ok
1 verbose cli [ '/usr/local/bin/node', '/usr/local/bin/npm', 'start' ]
2 info using npm@3.8.9
3 info using node@v4.4.4
4 verbose run-script [ 'prestart', 'start', 'poststart' ]
5 info lifecycle midweekmanager@1.0.0~prestart: midweekmanager@1.0.0
6 silly lifecycle midweekmanager@1.0.0~prestart: no script for prestart, continuing
7 info lifecycle midweekmanager@1.0.0~start: midweekmanager@1.0.0
8 verbose lifecycle midweekmanager@1.0.0~start: unsafe-perm in lifecycle true
9 verbose lifecycle midweekmanager@1.0.0~start: PATH: /usr/local/lib/node_modules/npm/bin/node-gyp-bin:/Users/Jack/GitHub/midweekmanager/node_modules/.bin:/usr/local/bin:/Users/Jack/.rbenv/shims:/Users/Jack/.rbenv/bin:/Library/Frameworks/Python.framework/Versions/3.5/bin:/Library/Frameworks/Python.framework/Versions/2.7/bin:/usr/local/bin:/usr/bin:/bin:/usr/sbin:/sbin
10 verbose lifecycle midweekmanager@1.0.0~start: CWD: /Users/Jack/GitHub/midweekmanager
11 silly lifecycle midweekmanager@1.0.0~start: Args: [ '-c',
11 silly lifecycle   'MONGO_URI=mongodb://localhost/midweekmanager gulp dev' ]
12 silly lifecycle midweekmanager@1.0.0~start: Returned: code: 1  signal: null
13 info lifecycle midweekmanager@1.0.0~start: Failed to exec start script
14 verbose stack Error: midweekmanager@1.0.0 start: `MONGO_URI=mongodb://localhost/midweekmanager gulp dev`
14 verbose stack Exit status 1
14 verbose stack     at EventEmitter.<anonymous> (/usr/local/lib/node_modules/npm/lib/utils/lifecycle.js:245:16)
14 verbose stack     at emitTwo (events.js:87:13)
14 verbose stack     at EventEmitter.emit (events.js:172:7)
14 verbose stack     at ChildProcess.<anonymous> (/usr/local/lib/node_modules/npm/lib/utils/spawn.js:24:14)
14 verbose stack     at emitTwo (events.js:87:13)
14 verbose stack     at ChildProcess.emit (events.js:172:7)
14 verbose stack     at maybeClose (internal/child_process.js:827:16)
14 verbose stack     at Process.ChildProcess._handle.onexit (internal/child_process.js:211:5)
15 verbose pkgid midweekmanager@1.0.0
16 verbose cwd /Users/Jack/GitHub/midweekmanager
17 error Darwin 15.0.0
18 error argv "/usr/local/bin/node" "/usr/local/bin/npm" "start"
19 error node v4.4.4
20 error npm  v3.8.9
21 error code ELIFECYCLE
22 error midweekmanager@1.0.0 start: `MONGO_URI=mongodb://localhost/midweekmanager gulp dev`
22 error Exit status 1
23 error Failed at the midweekmanager@1.0.0 start script 'MONGO_URI=mongodb://localhost/midweekmanager gulp dev'.
23 error Make sure you have the latest version of node.js and npm installed.
23 error If you do, this is most likely a problem with the midweekmanager package,
23 error not with npm itself.
23 error Tell the author that this fails on your system:
23 error     MONGO_URI=mongodb://localhost/midweekmanager gulp dev
23 error You can get information on how to open an issue for this project with:
23 error     npm bugs midweekmanager
23 error Or if that isn't available, you can get their info via:
23 error     npm owner ls midweekmanager
23 error There is likely additional logging output above.
24 verbose exit [ 1, true ]
